<?xml version="1.0" encoding="UTF-8"?>
<?xml-stylesheet type="text/xsl" href="ivy-report.xsl"?>
<ivy-report version="1.0">
	<info
		organisation="test"
		module="test_sjs0.6_2.12"
		revision="14-592b4ad1+20190418-1032"
		conf="optional"
		confs="compile, runtime, test, provided, optional, compile-internal, runtime-internal, test-internal, plugin, pom, scala-tool, phantom-js-jetty"
		date="20190418103245"/>
	<dependencies>
	</dependencies>
</ivy-report>
